[04:07:27] [main/INFO]: Loading Minecraft 1.21.11 with Fabric Loader 0.18.2
[04:07:27] [main/INFO]: Fabric is preparing JARs on first launch, this may take a few seconds...
[04:07:27] [main/INFO]: Loading 4 mods:
	- fabricloader 0.18.2
	   \-- mixinextras 0.5.0
	- java 21
	- minecraft 1.21.11
[04:07:27] [main/INFO]: SpongePowered MIXIN Subsystem Version=0.8.7 Source=file:/workspaces/arroz-pollo-/servidor_minecraft/libraries/net/fabricmc/sponge-mixin/0.16.5+mixin.0.8.7/sponge-mixin-0.16.5+mixin.0.8.7.jar Service=Knot/Fabric Env=SERVER
[04:07:33] [main/INFO]: Environment: Environment[sessionHost=https://sessionserver.mojang.com, servicesHost=https://api.minecraftservices.com, profilesHost=https://api.mojang.com, name=PROD]
[04:07:34] [main/INFO]: No existing world data, creating new world
[04:07:35] [main/INFO]: Loaded 1470 recipes
[04:07:35] [main/INFO]: Loaded 1584 advancements
[04:07:35] [Server thread/INFO]: Starting minecraft server version 1.21.11
[04:07:35] [Server thread/INFO]: Loading properties
[04:07:35] [Server thread/INFO]: Default game type: SURVIVAL
[04:07:35] [Server thread/INFO]: Generating keypair
[04:07:35] [Server thread/INFO]: Starting Minecraft server on *:25565
[04:07:35] [Server thread/WARN]: **** SERVER IS RUNNING IN OFFLINE/INSECURE MODE!
[04:07:35] [Server thread/WARN]: The server will make no attempt to authenticate usernames. Beware.
[04:07:35] [Server thread/WARN]: While this makes the game possible to play without internet access, it also opens up the ability for hackers to connect with any username they choose.
[04:07:35] [Server thread/WARN]: To change this, set "online-mode" to "true" in the server.properties file.
[04:07:35] [Server thread/INFO]: Preparing level "world"
[04:07:35] [Server thread/INFO]: Selecting global world spawn...
[04:07:41] [Server thread/INFO]: Loading 0 persistent chunks...
[04:07:41] [Server thread/INFO]: Preparing spawn area: 100%
[04:07:41] [Server thread/INFO]: Time elapsed: 5625 ms
[04:07:41] [Server thread/INFO]: Done (5.903s)! For help, type "help"
